<?xml version="1.0" encoding="UTF-8"?>
<testng-results skipped="0" failed="0" ignored="0" total="2" passed="2">
  <reporter-output>
  </reporter-output>
  <suite name="Surefire suite" duration-ms="47033" started-at="2021-02-06T18:58:45Z" finished-at="2021-02-06T18:59:32Z">
    <groups>
      <group name="cucumber">
        <method signature="AbstractTestNGCucumberTests.runScenario(io.cucumber.testng.PickleWrapper, io.cucumber.testng.FeatureWrapper)[pri:0, instance:parallel.TestRunner@8bd1b6a]" name="runScenario" class="io.cucumber.testng.AbstractTestNGCucumberTests"/>
      </group> <!-- cucumber -->
    </groups>
    <test name="Surefire test" duration-ms="47033" started-at="2021-02-06T18:58:45Z" finished-at="2021-02-06T18:59:32Z">
      <class name="parallel.TestRunner">
        <test-method status="PASS" signature="setUpClass()[pri:0, instance:parallel.TestRunner@8bd1b6a]" name="setUpClass" is-config="true" duration-ms="1179" started-at="2021-02-06T18:58:45Z" finished-at="2021-02-06T18:58:46Z">
          <reporter-output>
          </reporter-output>
        </test-method> <!-- setUpClass -->
        <test-method status="PASS" signature="runScenario(io.cucumber.testng.PickleWrapper, io.cucumber.testng.FeatureWrapper)[pri:0, instance:parallel.TestRunner@8bd1b6a]" name="runScenario" duration-ms="32499" started-at="2021-02-06T18:58:46Z" description="Runs Cucumber Scenarios" data-provider="scenarios" finished-at="2021-02-06T18:59:18Z">
          <params>
            <param index="0">
              <value>
                <![CDATA["Free CRM login test cenarios"]]>
              </value>
            </param>
            <param index="1">
              <value>
                <![CDATA["Optional[Free CRM login]"]]>
              </value>
            </param>
          </params>
          <reporter-output>
          </reporter-output>
        </test-method> <!-- runScenario -->
        <test-method status="PASS" signature="runScenario(io.cucumber.testng.PickleWrapper, io.cucumber.testng.FeatureWrapper)[pri:0, instance:parallel.TestRunner@8bd1b6a]" name="runScenario" duration-ms="16537" started-at="2021-02-06T18:58:46Z" description="Runs Cucumber Scenarios" data-provider="scenarios" finished-at="2021-02-06T18:59:02Z">
          <params>
            <param index="0">
              <value>
                <![CDATA["Free CRM login test cenarios"]]>
              </value>
            </param>
            <param index="1">
              <value>
                <![CDATA["Optional[Free CRM login]"]]>
              </value>
            </param>
          </params>
          <reporter-output>
          </reporter-output>
        </test-method> <!-- runScenario -->
        <test-method status="PASS" signature="tearDownClass()[pri:0, instance:parallel.TestRunner@8bd1b6a]" name="tearDownClass" is-config="true" duration-ms="13323" started-at="2021-02-06T18:59:18Z" finished-at="2021-02-06T18:59:32Z">
          <reporter-output>
          </reporter-output>
        </test-method> <!-- tearDownClass -->
      </class> <!-- parallel.TestRunner -->
    </test> <!-- Surefire test -->
  </suite> <!-- Surefire suite -->
</testng-results>
