<?xml version="1.0" encoding="UTF-8"?>
<testng-results skipped="0" failed="0" ignored="0" total="2" passed="2">
  <reporter-output>
  </reporter-output>
  <suite name="Surefire suite" duration-ms="86964" started-at="2021-02-16T17:07:30Z" finished-at="2021-02-16T17:08:57Z">
    <groups>
      <group name="cucumber">
        <method signature="AbstractTestNGCucumberTests.runScenario(io.cucumber.testng.PickleWrapper, io.cucumber.testng.FeatureWrapper)[pri:0, instance:parallel.TestRunner@20e2cbe0]" name="runScenario" class="io.cucumber.testng.AbstractTestNGCucumberTests"/>
      </group> <!-- cucumber -->
    </groups>
    <test name="Surefire test" duration-ms="86964" started-at="2021-02-16T17:07:30Z" finished-at="2021-02-16T17:08:57Z">
      <class name="parallel.TestRunner">
        <test-method status="PASS" signature="setUpClass()[pri:0, instance:parallel.TestRunner@20e2cbe0]" name="setUpClass" is-config="true" duration-ms="1285" started-at="2021-02-16T17:07:30Z" finished-at="2021-02-16T17:07:31Z">
          <reporter-output>
          </reporter-output>
        </test-method> <!-- setUpClass -->
        <test-method status="PASS" signature="runScenario(io.cucumber.testng.PickleWrapper, io.cucumber.testng.FeatureWrapper)[pri:0, instance:parallel.TestRunner@20e2cbe0]" name="runScenario" duration-ms="81655" started-at="2021-02-16T17:07:31Z" description="Runs Cucumber Scenarios" data-provider="scenarios" finished-at="2021-02-16T17:08:53Z">
          <params>
            <param index="0">
              <value>
                <![CDATA["Free CRM login test cenarios"]]>
              </value>
            </param>
            <param index="1">
              <value>
                <![CDATA["Optional[Free CRM login]"]]>
              </value>
            </param>
          </params>
          <reporter-output>
          </reporter-output>
        </test-method> <!-- runScenario -->
        <test-method status="PASS" signature="runScenario(io.cucumber.testng.PickleWrapper, io.cucumber.testng.FeatureWrapper)[pri:0, instance:parallel.TestRunner@20e2cbe0]" name="runScenario" duration-ms="57379" started-at="2021-02-16T17:07:31Z" description="Runs Cucumber Scenarios" data-provider="scenarios" finished-at="2021-02-16T17:08:28Z">
          <params>
            <param index="0">
              <value>
                <![CDATA["Free CRM login test cenarios"]]>
              </value>
            </param>
            <param index="1">
              <value>
                <![CDATA["Optional[Free CRM login]"]]>
              </value>
            </param>
          </params>
          <reporter-output>
          </reporter-output>
        </test-method> <!-- runScenario -->
        <test-method status="PASS" signature="tearDownClass()[pri:0, instance:parallel.TestRunner@20e2cbe0]" name="tearDownClass" is-config="true" duration-ms="3971" started-at="2021-02-16T17:08:53Z" finished-at="2021-02-16T17:08:57Z">
          <reporter-output>
          </reporter-output>
        </test-method> <!-- tearDownClass -->
      </class> <!-- parallel.TestRunner -->
    </test> <!-- Surefire test -->
  </suite> <!-- Surefire suite -->
</testng-results>
